[0m2021.04.08 15:47:44 INFO  Started: Metals version 0.10.1 in workspace '/home/sadcat/myfolder/Revature_Project_0' for client vscode 1.55.1.[0m
[0m2021.04.08 15:47:44 INFO  time: initialize in 0.55s[0m
[0m2021.04.08 15:47:45 WARN  Build server is not auto-connectable.[0m
[0m2021.04.08 15:47:45 WARN  no build tool detected in workspace '/home/sadcat/myfolder/Revature_Project_0'. The most common cause for this problem is that the editor was opened in the wrong working directory, for example if you use sbt then the workspace directory should contain build.sbt. [0m
[0m2021.04.08 15:47:45 WARN  no build target for: /home/sadcat/myfolder/Revature_Project_0/src/main/scala/game/Main.scala[0m
[0m2021.04.08 15:47:47 INFO  no build target: using presentation compiler with only scala-library: 2.12.13[0m
[0m2021.04.08 15:47:50 INFO  time: code lens generation in 1.05s[0m
[0m2021.04.08 15:47:50 INFO  time: code lens generation in 2.37s[0m
[0m2021.04.08 15:47:50 INFO  time: code lens generation in 4.26s[0m
[0m2021.04.08 15:47:50 INFO  time: code lens generation in 4.28s[0m
something's wrong: no file:///home/sadcat/myfolder/Revature_Project_0/src/main/scala/game/Main.scala in Array[<error>]RangePosition(file:///home/sadcat/myfolder/Revature_Project_0/src/main/scala/game/Main.scala, 47, 47, 56)
something's wrong: no file:///home/sadcat/myfolder/Revature_Project_0/src/main/scala/game/Main.scala in Array[<error>]RangePosition(file:///home/sadcat/myfolder/Revature_Project_0/src/main/scala/game/Main.scala, 47, 47, 58)
something's wrong: no file:///home/sadcat/myfolder/Revature_Project_0/src/main/scala/game/Main.scala in Array[<error>]RangePosition(file:///home/sadcat/myfolder/Revature_Project_0/src/main/scala/game/Main.scala, 47, 47, 62)
something's wrong: no file:///home/sadcat/myfolder/Revature_Project_0/src/main/scala/game/Main.scala in Array[<error>]RangePosition(file:///home/sadcat/myfolder/Revature_Project_0/src/main/scala/game/Main.scala, 47, 47, 55)
something's wrong: no file:///home/sadcat/myfolder/Revature_Project_0/src/main/scala/game/Main.scala in Array[<error>]RangePosition(file:///home/sadcat/myfolder/Revature_Project_0/src/main/scala/game/Main.scala, 47, 47, 56)
something's wrong: no file:///home/sadcat/myfolder/Revature_Project_0/src/main/scala/game/Main.scala in Array[<error>]RangePosition(file:///home/sadcat/myfolder/Revature_Project_0/src/main/scala/game/Main.scala, 47, 47, 58)
something's wrong: no file:///home/sadcat/myfolder/Revature_Project_0/src/main/scala/game/Main.scala in Array[String]RangePosition(file:///home/sadcat/myfolder/Revature_Project_0/src/main/scala/game/Main.scala, 47, 47, 60)
[0m2021.04.08 15:48:32 WARN  no build target for: /home/sadcat/myfolder/Revature_Project_0/src/main/scala/game/Main.scala[0m
[0m2021.04.08 16:03:29 WARN  no build target for: /home/sadcat/myfolder/Revature_Project_0/src/main/scala/game/Cli.scala[0m
Apr 08, 2021 4:03:29 PM org.eclipse.lsp4j.jsonrpc.RemoteEndpoint handleCancellation
WARNING: Unmatched cancel notification for request id 157
Apr 08, 2021 4:05:34 PM org.eclipse.lsp4j.jsonrpc.RemoteEndpoint handleCancellation
WARNING: Unmatched cancel notification for request id 195
Apr 08, 2021 4:05:35 PM org.eclipse.lsp4j.jsonrpc.RemoteEndpoint handleCancellation
WARNING: Unmatched cancel notification for request id 201
Apr 08, 2021 4:05:35 PM org.eclipse.lsp4j.jsonrpc.RemoteEndpoint handleCancellation
WARNING: Unmatched cancel notification for request id 207
Apr 08, 2021 4:05:36 PM org.eclipse.lsp4j.jsonrpc.RemoteEndpoint handleCancellation
WARNING: Unmatched cancel notification for request id 213
Apr 08, 2021 4:06:46 PM org.eclipse.lsp4j.jsonrpc.RemoteEndpoint handleCancellation
WARNING: Unmatched cancel notification for request id 242
Apr 08, 2021 4:06:47 PM org.eclipse.lsp4j.jsonrpc.RemoteEndpoint handleCancellation
WARNING: Unmatched cancel notification for request id 249
[0m2021.04.08 17:18:59 WARN  no build target for: /home/sadcat/myfolder/Revature_Project_0/src/main/scala/game/Cli.scala[0m
[0m2021.04.08 17:19:01 INFO  shutting down Metals[0m
[0m2021.04.08 23:33:16 INFO  Started: Metals version 0.10.1 in workspace '/home/sadcat/myfolder/Revature_Project_0' for client vscode 1.55.1.[0m
[0m2021.04.08 23:33:16 INFO  time: initialize in 0.42s[0m
[0m2021.04.08 23:33:16 WARN  Build server is not auto-connectable.[0m
[0m2021.04.08 23:33:16 WARN  no build tool detected in workspace '/home/sadcat/myfolder/Revature_Project_0'. The most common cause for this problem is that the editor was opened in the wrong working directory, for example if you use sbt then the workspace directory should contain build.sbt. [0m
[0m2021.04.08 23:33:16 WARN  no build target for: /home/sadcat/myfolder/Revature_Project_0/src/main/scala/game/Cli.scala[0m
[0m2021.04.08 23:33:18 INFO  no build target: using presentation compiler with only scala-library: 2.12.13[0m
[0m2021.04.08 23:33:21 INFO  time: code lens generation in 3.9s[0m
[0m2021.04.08 23:34:58 WARN  no build target for: /home/sadcat/myfolder/Revature_Project_0/src/main/scala/game/Main.scala[0m
Apr 08, 2021 11:35:01 PM org.eclipse.lsp4j.jsonrpc.RemoteEndpoint handleCancellation
WARNING: Unmatched cancel notification for request id 10
Apr 08, 2021 11:35:05 PM org.eclipse.lsp4j.jsonrpc.RemoteEndpoint handleCancellation
WARNING: Unmatched cancel notification for request id 17
[0m2021.04.09 10:02:12 INFO  shutting down Metals[0m
[0m2021.04.09 14:15:28 INFO  Started: Metals version 0.10.1 in workspace '/home/sadcat/myfolder/Revature_Project_0' for client vscode 1.55.1.[0m
[0m2021.04.09 14:15:29 INFO  time: initialize in 0.63s[0m
[0m2021.04.09 14:15:29 WARN  Build server is not auto-connectable.[0m
[0m2021.04.09 14:15:29 WARN  no build tool detected in workspace '/home/sadcat/myfolder/Revature_Project_0'. The most common cause for this problem is that the editor was opened in the wrong working directory, for example if you use sbt then the workspace directory should contain build.sbt. [0m
[0m2021.04.09 14:15:29 WARN  no build target for: /home/sadcat/myfolder/Revature_Project_0/src/main/scala/game/Main.scala[0m
[0m2021.04.09 14:15:32 INFO  no build target: using presentation compiler with only scala-library: 2.12.13[0m
[0m2021.04.09 14:15:34 INFO  time: code lens generation in 3.99s[0m
[0m2021.04.09 14:19:40 INFO  shutting down Metals[0m
[0m2021.04.13 10:21:27 INFO  Started: Metals version 0.10.1 in workspace '/home/sadcat/myfolder/Revature_Project_0' for client vscode 1.55.1.[0m
[0m2021.04.13 10:21:29 INFO  time: initialize in 1.69s[0m
[0m2021.04.13 10:21:29 WARN  Build server is not auto-connectable.[0m
[0m2021.04.13 10:21:29 WARN  no build tool detected in workspace '/home/sadcat/myfolder/Revature_Project_0'. The most common cause for this problem is that the editor was opened in the wrong working directory, for example if you use sbt then the workspace directory should contain build.sbt. [0m
[0m2021.04.13 10:21:29 WARN  no build target for: /home/sadcat/myfolder/Revature_Project_0/src/main/scala/game/Main.scala[0m
[0m2021.04.13 10:21:32 INFO  no build target: using presentation compiler with only scala-library: 2.12.13[0m
[0m2021.04.13 10:21:34 INFO  time: code lens generation in 3.89s[0m
[0m2021.04.13 10:27:38 INFO  shutting down Metals[0m
[0m2021.04.13 10:31:42 INFO  Started: Metals version 0.10.1 in workspace '/home/sadcat/myfolder/Revature_Project_0' for client vscode 1.55.1.[0m
[0m2021.04.13 10:31:43 INFO  time: initialize in 0.67s[0m
[0m2021.04.13 10:31:43 WARN  Build server is not auto-connectable.[0m
[0m2021.04.13 10:31:43 WARN  no build tool detected in workspace '/home/sadcat/myfolder/Revature_Project_0'. The most common cause for this problem is that the editor was opened in the wrong working directory, for example if you use sbt then the workspace directory should contain build.sbt. [0m
[0m2021.04.13 10:31:43 WARN  no build target for: /home/sadcat/myfolder/Revature_Project_0/src/main/scala/game/Main.scala[0m
[0m2021.04.13 10:31:45 WARN  no build target for: /home/sadcat/myfolder/Revature_Project_0/src/main/scala/game/Main.scala[0m
[0m2021.04.13 10:31:45 INFO  shutting down Metals[0m
[0m2021.04.13 10:31:46 INFO  no build target: using presentation compiler with only scala-library: 2.12.13[0m
[0m2021.04.13 10:31:51 INFO  time: code lens generation in 6.42s[0m
java.util.concurrent.RejectedExecutionException: Task scala.concurrent.impl.CallbackRunnable@36670d6a rejected from java.util.concurrent.ThreadPoolExecutor@26eff7d[Shutting down, pool size = 3, active threads = 3, queued tasks = 0, completed tasks = 80]
	at java.util.concurrent.ThreadPoolExecutor$AbortPolicy.rejectedExecution(ThreadPoolExecutor.java:2063)
	at java.util.concurrent.ThreadPoolExecutor.reject(ThreadPoolExecutor.java:830)
	at java.util.concurrent.ThreadPoolExecutor.execute(ThreadPoolExecutor.java:1379)
	at scala.concurrent.impl.ExecutionContextImpl$$anon$4.execute(ExecutionContextImpl.scala:138)
	at scala.concurrent.impl.CallbackRunnable.executeWithValue(Promise.scala:72)
	at scala.concurrent.impl.Promise$DefaultPromise.$anonfun$tryComplete$1(Promise.scala:288)
	at scala.concurrent.impl.Promise$DefaultPromise.$anonfun$tryComplete$1$adapted(Promise.scala:288)
	at scala.concurrent.impl.Promise$DefaultPromise.tryComplete(Promise.scala:288)
	at scala.concurrent.Promise.complete(Promise.scala:53)
	at scala.concurrent.Promise.complete$(Promise.scala:52)
	at scala.concurrent.impl.Promise$DefaultPromise.complete(Promise.scala:187)
	at scala.concurrent.impl.Promise.$anonfun$transform$1(Promise.scala:33)
	at scala.concurrent.impl.CallbackRunnable.run(Promise.scala:64)
	at java.util.concurrent.ThreadPoolExecutor.runWorker(ThreadPoolExecutor.java:1149)
	at java.util.concurrent.ThreadPoolExecutor$Worker.run(ThreadPoolExecutor.java:624)
	at java.lang.Thread.run(Thread.java:748)
[0m2021.04.13 10:31:52 INFO  no build target: using presentation compiler with only scala-library: 2.12.13[0m
java.util.concurrent.RejectedExecutionException: Task scala.concurrent.impl.CallbackRunnable@2291610d rejected from java.util.concurrent.ThreadPoolExecutor@26eff7d[Shutting down, pool size = 2, active threads = 2, queued tasks = 0, completed tasks = 81]
	at java.util.concurrent.ThreadPoolExecutor$AbortPolicy.rejectedExecution(ThreadPoolExecutor.java:2063)
	at java.util.concurrent.ThreadPoolExecutor.reject(ThreadPoolExecutor.java:830)
	at java.util.concurrent.ThreadPoolExecutor.execute(ThreadPoolExecutor.java:1379)
	at scala.concurrent.impl.ExecutionContextImpl$$anon$4.execute(ExecutionContextImpl.scala:138)
	at scala.concurrent.impl.CallbackRunnable.executeWithValue(Promise.scala:72)
	at scala.concurrent.impl.Promise$DefaultPromise.$anonfun$tryComplete$1(Promise.scala:288)
	at scala.concurrent.impl.Promise$DefaultPromise.$anonfun$tryComplete$1$adapted(Promise.scala:288)
	at scala.concurrent.impl.Promise$DefaultPromise.tryComplete(Promise.scala:288)
	at scala.concurrent.Promise.complete(Promise.scala:53)
	at scala.concurrent.Promise.complete$(Promise.scala:52)
	at scala.concurrent.impl.Promise$DefaultPromise.complete(Promise.scala:187)
	at scala.concurrent.impl.Promise.$anonfun$transform$1(Promise.scala:33)
	at scala.concurrent.impl.CallbackRunnable.run(Promise.scala:64)
	at java.util.concurrent.ThreadPoolExecutor.runWorker(ThreadPoolExecutor.java:1149)
	at java.util.concurrent.ThreadPoolExecutor$Worker.run(ThreadPoolExecutor.java:624)
	at java.lang.Thread.run(Thread.java:748)
[0m2021.04.13 10:31:52 ERROR text document: file:///home/sadcat/myfolder/Revature_Project_0/src/main/scala/game/Main.scala
java.util.concurrent.RejectedExecutionException: Task java.util.concurrent.ScheduledThreadPoolExecutor$ScheduledFutureTask@65fff659 rejected from java.util.concurrent.ScheduledThreadPoolExecutor@115d9650[Shutting down, pool size = 1, active threads = 0, queued tasks = 4, completed tasks = 8]
	at java.util.concurrent.ThreadPoolExecutor$AbortPolicy.rejectedExecution(ThreadPoolExecutor.java:2063)
	at java.util.concurrent.ThreadPoolExecutor.reject(ThreadPoolExecutor.java:830)
	at java.util.concurrent.ScheduledThreadPoolExecutor.delayedExecute(ScheduledThreadPoolExecutor.java:326)
	at java.util.concurrent.ScheduledThreadPoolExecutor.schedule(ScheduledThreadPoolExecutor.java:549)
	at java.util.concurrent.Executors$DelegatedScheduledExecutorService.schedule(Executors.java:732)
	at scala.meta.internal.pc.CompilerAccess.$anonfun$onCompilerJobQueue$3(CompilerAccess.scala:227)
	at scala.Option.foreach(Option.scala:407)
	at scala.meta.internal.pc.CompilerAccess.onCompilerJobQueue(CompilerAccess.scala:212)
	at scala.meta.internal.pc.CompilerAccess.withInterruptableCompiler(CompilerAccess.scala:90)
	at scala.meta.internal.pc.ScalaPresentationCompiler.semanticdbTextDocument(ScalaPresentationCompiler.scala:203)
	at scala.meta.internal.metals.InteractiveSemanticdbs.compile(InteractiveSemanticdbs.scala:180)
	at scala.meta.internal.metals.InteractiveSemanticdbs.$anonfun$textDocument$1(InteractiveSemanticdbs.scala:80)
	at java.util.HashMap.compute(HashMap.java:1197)
	at java.util.Collections$SynchronizedMap.compute(Collections.java:2684)
	at scala.meta.internal.metals.InteractiveSemanticdbs.textDocument(InteractiveSemanticdbs.scala:76)
	at scala.meta.internal.metals.AggregateSemanticdbs.loop$1(AggregateSemanticdbs.scala:30)
	at scala.meta.internal.metals.AggregateSemanticdbs.textDocument(AggregateSemanticdbs.scala:36)
	at scala.meta.internal.metals.CodeLensProvider.findLenses(CodeLensProvider.scala:22)
	at scala.meta.internal.metals.MetalsLanguageServer.$anonfun$codeLens$2(MetalsLanguageServer.scala:1474)
	at scala.meta.internal.metals.TimerProvider.timedThunk(TimerProvider.scala:25)
	at scala.meta.internal.metals.MetalsLanguageServer.$anonfun$codeLens$1(MetalsLanguageServer.scala:1472)
	at scala.meta.internal.metals.CancelTokens$.$anonfun$apply$2(CancelTokens.scala:26)
	at scala.concurrent.Future$.$anonfun$apply$1(Future.scala:659)
	at scala.util.Success.$anonfun$map$1(Try.scala:255)
	at scala.util.Success.map(Try.scala:213)
	at scala.concurrent.Future.$anonfun$map$1(Future.scala:292)
	at scala.concurrent.impl.Promise.liftedTree1$1(Promise.scala:33)
	at scala.concurrent.impl.Promise.$anonfun$transform$1(Promise.scala:33)
	at scala.concurrent.impl.CallbackRunnable.run(Promise.scala:64)
	at java.util.concurrent.ThreadPoolExecutor.runWorker(ThreadPoolExecutor.java:1149)
	at java.util.concurrent.ThreadPoolExecutor$Worker.run(ThreadPoolExecutor.java:624)
	at java.lang.Thread.run(Thread.java:748)
[0m
[0m2021.04.13 10:31:52 INFO  time: code lens generation in 8.27s[0m
java.util.concurrent.RejectedExecutionException: Task scala.concurrent.impl.CallbackRunnable@378972a2 rejected from java.util.concurrent.ThreadPoolExecutor@26eff7d[Shutting down, pool size = 1, active threads = 1, queued tasks = 0, completed tasks = 82]
	at java.util.concurrent.ThreadPoolExecutor$AbortPolicy.rejectedExecution(ThreadPoolExecutor.java:2063)
	at java.util.concurrent.ThreadPoolExecutor.reject(ThreadPoolExecutor.java:830)
	at java.util.concurrent.ThreadPoolExecutor.execute(ThreadPoolExecutor.java:1379)
	at scala.concurrent.impl.ExecutionContextImpl$$anon$4.execute(ExecutionContextImpl.scala:138)
	at scala.concurrent.impl.CallbackRunnable.executeWithValue(Promise.scala:72)
	at scala.concurrent.impl.Promise$DefaultPromise.$anonfun$tryComplete$1(Promise.scala:288)
	at scala.concurrent.impl.Promise$DefaultPromise.$anonfun$tryComplete$1$adapted(Promise.scala:288)
	at scala.concurrent.impl.Promise$DefaultPromise.tryComplete(Promise.scala:288)
	at scala.concurrent.Promise.complete(Promise.scala:53)
	at scala.concurrent.Promise.complete$(Promise.scala:52)
	at scala.concurrent.impl.Promise$DefaultPromise.complete(Promise.scala:187)
	at scala.concurrent.impl.Promise.$anonfun$transform$1(Promise.scala:33)
	at scala.concurrent.impl.CallbackRunnable.run(Promise.scala:64)
	at java.util.concurrent.ThreadPoolExecutor.runWorker(ThreadPoolExecutor.java:1149)
	at java.util.concurrent.ThreadPoolExecutor$Worker.run(ThreadPoolExecutor.java:624)
	at java.lang.Thread.run(Thread.java:748)
[0m2021.04.23 11:43:24 INFO  Started: Metals version 0.10.2 in workspace '/home/sadcat/myfolder/Revature_Project_0' for client vscode 1.55.2.[0m
[0m2021.04.23 11:43:24 INFO  time: initialize in 0.34s[0m
[0m2021.04.23 11:43:24 WARN  Build server is not auto-connectable.[0m
[0m2021.04.23 11:43:24 WARN  no build tool detected in workspace '/home/sadcat/myfolder/Revature_Project_0'. The most common cause for this problem is that the editor was opened in the wrong working directory, for example if you use sbt then the workspace directory should contain build.sbt. [0m
[0m2021.04.23 11:43:24 WARN  no build target for: /home/sadcat/myfolder/Revature_Project_0/src/main/scala/game/Main.scala[0m
[0m2021.04.23 11:43:24 WARN  no build target for: /home/sadcat/myfolder/Revature_Project_0/src/main/scala/game/Cli.scala[0m
[0m2021.04.23 11:43:26 INFO  no build target: using presentation compiler with only scala-library: 2.12.13[0m
[0m2021.04.23 11:43:28 INFO  time: code lens generation in 3.17s[0m
Apr 23, 2021 11:44:03 AM org.eclipse.lsp4j.jsonrpc.RemoteEndpoint handleCancellation
WARNING: Unmatched cancel notification for request id 40
Apr 23, 2021 11:44:20 AM org.eclipse.lsp4j.jsonrpc.RemoteEndpoint handleCancellation
WARNING: Unmatched cancel notification for request id 46
[0m2021.04.23 11:45:10 INFO  running '/usr/lib/jvm/java-8-openjdk-amd64/bin/java -Djline.terminal=jline.UnsupportedTerminal -Dsbt.log.noformat=true -Dfile.encoding=UTF-8 -jar /tmp/metals7381478243415839785/sbt-launch.jar -Dbloop.export-jar-classifiers=sources bloopInstall'[0m
[0m2021.04.23 11:45:10 WARN  no build target for: /home/sadcat/myfolder/Revature_Project_0/project/metals.sbt[0m
[0m2021.04.23 11:45:10 WARN  no build target for: /home/sadcat/myfolder/Revature_Project_0/project/project/metals.sbt[0m
[0m2021.04.23 11:45:11 INFO  [info] welcome to sbt 1.4.9 (Private Build Java 1.8.0_282)[0m
[0m2021.04.23 11:45:13 INFO  skipping build import with status 'Started'[0m
[0m2021.04.23 11:45:15 INFO  [info] loading settings for project revature_project_0-build-build from metals.sbt ...[0m
[0m2021.04.23 11:45:15 INFO  [info] loading project definition from /home/sadcat/myfolder/Revature_Project_0/project/project[0m
[0m2021.04.23 11:45:18 INFO  [info] loading settings for project revature_project_0-build from metals.sbt ...[0m
[0m2021.04.23 11:45:18 INFO  [info] loading project definition from /home/sadcat/myfolder/Revature_Project_0/project[0m
[0m2021.04.23 11:45:21 INFO  [success] Generated .bloop/revature_project_0-build.json[0m
[0m2021.04.23 11:45:21 INFO  [success] Total time: 2 s, completed Apr 23, 2021 11:45:21 AM[0m
[0m2021.04.23 11:45:21 INFO  [info] set current project to revature_project_0 (in build file:/home/sadcat/myfolder/Revature_Project_0/)[0m
[0m2021.04.23 11:45:21 INFO  [success] Generated .bloop/revature_project_0-test.json[0m
[0m2021.04.23 11:45:21 INFO  [success] Generated .bloop/revature_project_0.json[0m
[0m2021.04.23 11:45:21 INFO  [success] Total time: 0 s, completed Apr 23, 2021 11:45:22 AM[0m
[0m2021.04.23 11:45:22 INFO  time: ran 'sbt bloopInstall' in 12s[0m
[0m2021.04.23 11:45:22 INFO  sbt bloopInstall exit: 0[0m
[0m2021.04.23 11:45:22 INFO  Attempting to connect to the build server...[0m
Starting the bsp launcher for bloop...
Opening a bsp server connection with 'bsp --protocol local --socket /tmp/bsp-launcher6787338003815494631/bsp.socket'...
Waiting for the bsp connection to come up...
[0m[32m[D][0m Loading 2 projects from '/home/sadcat/myfolder/Revature_Project_0/.bloop'...
[0m[32m[D][0m Loading project from '/home/sadcat/myfolder/Revature_Project_0/.bloop/revature_project_0-test.json'
[0m[32m[D][0m Loading project from '/home/sadcat/myfolder/Revature_Project_0/.bloop/revature_project_0.json'
[0m[32m[D][0m Missing analysis file for project 'revature_project_0'
[0m[32m[D][0m Missing analysis file for project 'revature_project_0-test'
[0m[32m[D][0m Waiting for a connection at local:///tmp/bsp-launcher6787338003815494631/bsp.socket...
The server is listening for incoming connections at local:///tmp/bsp-launcher6787338003815494631/bsp.socket...
Starting thread that pumps stdin and redirects it to the bsp server...
Starting thread that pumps server stdout and redirects it to the client stdout...
[0m2021.04.23 11:45:22 INFO  tracing is disabled for protocol BSP, to enable tracing of incoming and outgoing JSON messages create an empty file at /home/sadcat/.cache/metals/bsp.trace.json[0m
[0m2021.04.23 11:45:22 INFO  Attempting to connect to the build server...[0m
Starting the bsp launcher for bloop...
Opening a bsp server connection with 'bsp --protocol local --socket /tmp/bsp-launcher4767346769321585343/bsp.socket'...
Waiting for the bsp connection to come up...
[0m[32m[D][0m Loading workspace settings from bloop.settings.json
[0m[32m[D][0m Waiting for a connection at local:///tmp/bsp-launcher4767346769321585343/bsp.socket...
The server is listening for incoming connections at local:///tmp/bsp-launcher4767346769321585343/bsp.socket...
Starting thread that pumps stdin and redirects it to the bsp server...
Starting thread that pumps server stdout and redirects it to the client stdout...
[0m2021.04.23 11:45:23 INFO  tracing is disabled for protocol BSP, to enable tracing of incoming and outgoing JSON messages create an empty file at /home/sadcat/.cache/metals/bsp.trace.json[0m
[0m2021.04.23 11:45:23 INFO  time: Connected to build server in 0.26s[0m
[0m2021.04.23 11:45:23 INFO  Connected to Build server: Bloop v1.4.8[0m
[0m2021.04.23 11:45:23 WARN  Could not find java sources in None. Java symbols will not be available.[0m
Apr 23, 2021 11:45:25 AM org.eclipse.lsp4j.jsonrpc.RemoteEndpoint handleCancellation
WARNING: Unmatched cancel notification for request id 59
Apr 23, 2021 11:45:25 AM org.eclipse.lsp4j.jsonrpc.RemoteEndpoint handleCancellation
WARNING: Unmatched cancel notification for request id 60
[0m2021.04.23 11:45:25 INFO  time: indexed workspace in 2.84s[0m
[0m2021.04.23 11:45:26 INFO  compiling revature_project_0 (2 scala sources)[0m
Apr 23, 2021 11:45:26 AM org.eclipse.lsp4j.jsonrpc.RemoteEndpoint handleCancellation
WARNING: Unmatched cancel notification for request id 65
Apr 23, 2021 11:45:27 AM org.eclipse.lsp4j.jsonrpc.RemoteEndpoint handleCancellation
WARNING: Unmatched cancel notification for request id 71
[0m2021.04.23 11:45:28 INFO  time: compiled revature_project_0 in 2.78s[0m
Apr 23, 2021 11:45:33 AM org.eclipse.lsp4j.jsonrpc.RemoteEndpoint handleCancellation
WARNING: Unmatched cancel notification for request id 78
Apr 23, 2021 11:45:34 AM org.eclipse.lsp4j.jsonrpc.RemoteEndpoint handleCancellation
WARNING: Unmatched cancel notification for request id 84
Apr 23, 2021 11:45:42 AM org.eclipse.lsp4j.jsonrpc.RemoteEndpoint handleCancellation
WARNING: Unmatched cancel notification for request id 117
Apr 23, 2021 11:45:46 AM org.eclipse.lsp4j.jsonrpc.RemoteEndpoint handleCancellation
WARNING: Unmatched cancel notification for request id 139
Apr 23, 2021 11:46:08 AM org.eclipse.lsp4j.jsonrpc.RemoteEndpoint handleCancellation
WARNING: Unmatched cancel notification for request id 153
Apr 23, 2021 11:46:12 AM org.eclipse.lsp4j.jsonrpc.RemoteEndpoint handleCancellation
WARNING: Unmatched cancel notification for request id 160
Apr 23, 2021 11:47:12 AM org.eclipse.lsp4j.jsonrpc.RemoteEndpoint handleCancellation
WARNING: Unmatched cancel notification for request id 210
Apr 23, 2021 11:47:13 AM org.eclipse.lsp4j.jsonrpc.RemoteEndpoint handleCancellation
WARNING: Unmatched cancel notification for request id 216
[0m2021.04.23 11:48:25 INFO  compiling revature_project_0 (2 scala sources)[0m
[0m2021.04.23 11:48:25 INFO  time: compiled revature_project_0 in 0.33s[0m
[0m2021.04.23 11:48:38 INFO  compiling revature_project_0 (2 scala sources)[0m
[0m2021.04.23 11:48:38 INFO  time: compiled revature_project_0 in 0.23s[0m
Apr 23, 2021 11:48:40 AM org.eclipse.lsp4j.jsonrpc.RemoteEndpoint handleCancellation
WARNING: Unmatched cancel notification for request id 305
[0m2021.04.23 11:48:49 INFO  compiling revature_project_0 (2 scala sources)[0m
[0m2021.04.23 11:48:51 INFO  time: compiled revature_project_0 in 1.79s[0m
Apr 23, 2021 11:49:06 AM org.eclipse.lsp4j.jsonrpc.RemoteEndpoint handleCancellation
WARNING: Unmatched cancel notification for request id 394
Apr 23, 2021 11:49:07 AM org.eclipse.lsp4j.jsonrpc.RemoteEndpoint handleCancellation
WARNING: Unmatched cancel notification for request id 402
[0m2021.04.23 11:49:13 INFO  compiling revature_project_0 (1 scala source)[0m
[0m2021.04.23 11:49:13 INFO  time: compiled revature_project_0 in 87ms[0m
Apr 23, 2021 11:49:16 AM org.eclipse.lsp4j.jsonrpc.RemoteEndpoint handleCancellation
WARNING: Unmatched cancel notification for request id 410
Apr 23, 2021 11:49:16 AM org.eclipse.lsp4j.jsonrpc.RemoteEndpoint handleCancellation
WARNING: Unmatched cancel notification for request id 416
Apr 23, 2021 11:49:19 AM org.eclipse.lsp4j.jsonrpc.RemoteEndpoint handleCancellation
WARNING: Unmatched cancel notification for request id 425
Apr 23, 2021 11:49:22 AM org.eclipse.lsp4j.jsonrpc.RemoteEndpoint handleCancellation
WARNING: Unmatched cancel notification for request id 436
Apr 23, 2021 11:49:24 AM org.eclipse.lsp4j.jsonrpc.RemoteEndpoint handleCancellation
WARNING: Unmatched cancel notification for request id 444
Apr 23, 2021 11:49:25 AM org.eclipse.lsp4j.jsonrpc.RemoteEndpoint handleCancellation
WARNING: Unmatched cancel notification for request id 451
[0m2021.04.23 11:49:31 INFO  compiling revature_project_0 (1 scala source)[0m
[0m2021.04.23 11:49:31 INFO  time: compiled revature_project_0 in 0.63s[0m
[0m2021.04.23 11:49:41 INFO  compiling revature_project_0 (1 scala source)[0m
[0m2021.04.23 11:49:41 INFO  time: compiled revature_project_0 in 0.65s[0m
something's wrong: no file:///home/sadcat/myfolder/Revature_Project_0/src/main/scala/game/Main.scala in Array[String]RangePosition(file:///home/sadcat/myfolder/Revature_Project_0/src/main/scala/game/Main.scala, 47, 47, 60)
Apr 23, 2021 11:50:01 AM org.eclipse.lsp4j.jsonrpc.RemoteEndpoint handleCancellation
WARNING: Unmatched cancel notification for request id 500
Apr 23, 2021 11:52:25 AM org.eclipse.lsp4j.jsonrpc.RemoteEndpoint handleCancellation
WARNING: Unmatched cancel notification for request id 539
Apr 23, 2021 11:55:27 AM org.eclipse.lsp4j.jsonrpc.RemoteEndpoint handleCancellation
WARNING: Unmatched cancel notification for request id 834
Apr 23, 2021 11:56:52 AM org.eclipse.lsp4j.jsonrpc.RemoteEndpoint handleCancellation
WARNING: Unmatched cancel notification for request id 842
Apr 23, 2021 11:57:26 AM org.eclipse.lsp4j.jsonrpc.RemoteEndpoint handleCancellation
WARNING: Unmatched cancel notification for request id 856
Apr 23, 2021 12:00:30 PM org.eclipse.lsp4j.jsonrpc.RemoteEndpoint handleCancellation
WARNING: Unmatched cancel notification for request id 946
Apr 23, 2021 12:01:32 PM org.eclipse.lsp4j.jsonrpc.RemoteEndpoint handleCancellation
WARNING: Unmatched cancel notification for request id 952
Apr 23, 2021 12:01:36 PM org.eclipse.lsp4j.jsonrpc.RemoteEndpoint handleCancellation
WARNING: Unmatched cancel notification for request id 959
Apr 23, 2021 12:01:44 PM org.eclipse.lsp4j.jsonrpc.RemoteEndpoint handleCancellation
WARNING: Unmatched cancel notification for request id 965
Apr 23, 2021 12:05:11 PM org.eclipse.lsp4j.jsonrpc.RemoteEndpoint handleCancellation
WARNING: Unmatched cancel notification for request id 1187
Apr 23, 2021 12:05:13 PM org.eclipse.lsp4j.jsonrpc.RemoteEndpoint handleCancellation
WARNING: Unmatched cancel notification for request id 1193
[0m2021.04.23 12:06:43 INFO  compiling revature_project_0 (1 scala source)[0m
[0m2021.04.23 12:06:43 INFO  time: compiled revature_project_0 in 0.75s[0m
Apr 23, 2021 12:06:44 PM org.eclipse.lsp4j.jsonrpc.RemoteEndpoint handleCancellation
WARNING: Unmatched cancel notification for request id 1298
Apr 23, 2021 12:07:28 PM org.eclipse.lsp4j.jsonrpc.RemoteEndpoint handleCancellation
WARNING: Unmatched cancel notification for request id 1304
Apr 23, 2021 12:07:34 PM org.eclipse.lsp4j.jsonrpc.RemoteEndpoint handleCancellation
WARNING: Unmatched cancel notification for request id 1310
Apr 23, 2021 12:08:11 PM org.eclipse.lsp4j.jsonrpc.RemoteEndpoint handleCancellation
WARNING: Unmatched cancel notification for request id 1316
[0m2021.04.23 12:08:52 INFO  compiling revature_project_0 (1 scala source)[0m
[0m2021.04.23 12:08:52 INFO  time: compiled revature_project_0 in 0.78s[0m
Apr 23, 2021 12:08:55 PM org.eclipse.lsp4j.jsonrpc.RemoteEndpoint handleCancellation
WARNING: Unmatched cancel notification for request id 1422
Apr 23, 2021 12:09:45 PM org.eclipse.lsp4j.jsonrpc.RemoteEndpoint handleCancellation
WARNING: Unmatched cancel notification for request id 1428
[0m2021.04.23 12:10:56 INFO  compiling revature_project_0 (1 scala source)[0m
[0m2021.04.23 12:10:56 INFO  time: compiled revature_project_0 in 0.77s[0m
[0m2021.04.23 12:11:55 INFO  compiling revature_project_0 (1 scala source)[0m
[0m2021.04.23 12:11:55 INFO  time: compiled revature_project_0 in 0.74s[0m
[0m2021.04.23 12:13:25 INFO  compiling revature_project_0 (1 scala source)[0m
[0m2021.04.23 12:13:25 INFO  time: compiled revature_project_0 in 0.72s[0m
[0m2021.04.23 12:13:50 INFO  compiling revature_project_0 (1 scala source)[0m
[0m2021.04.23 12:13:50 INFO  time: compiled revature_project_0 in 0.88s[0m
Apr 23, 2021 12:14:34 PM org.eclipse.lsp4j.jsonrpc.RemoteEndpoint handleCancellation
WARNING: Unmatched cancel notification for request id 1818
Apr 23, 2021 12:14:38 PM org.eclipse.lsp4j.jsonrpc.RemoteEndpoint handleCancellation
WARNING: Unmatched cancel notification for request id 1824
Apr 23, 2021 12:16:22 PM org.eclipse.lsp4j.jsonrpc.RemoteEndpoint handleCancellation
WARNING: Unmatched cancel notification for request id 1840
something's wrong: no file:///home/sadcat/myfolder/Revature_Project_0/src/main/scala/game/Main.scala in Array[String]RangePosition(file:///home/sadcat/myfolder/Revature_Project_0/src/main/scala/game/Main.scala, 48, 48, 61)
[0m2021.04.23 12:30:57 INFO  compiling revature_project_0 (1 scala source)[0m
[0m2021.04.23 12:30:57 INFO  time: compiled revature_project_0 in 0.46s[0m
[0m2021.04.23 12:31:13 INFO  compiling revature_project_0 (1 scala source)[0m
Apr 23, 2021 12:31:13 PM org.eclipse.lsp4j.jsonrpc.RemoteEndpoint handleCancellation
WARNING: Unmatched cancel notification for request id 1857
[0m2021.04.23 12:31:13 INFO  time: compiled revature_project_0 in 0.54s[0m
Apr 23, 2021 12:33:06 PM org.eclipse.lsp4j.jsonrpc.RemoteEndpoint handleCancellation
WARNING: Unmatched cancel notification for request id 1932
Apr 23, 2021 12:33:07 PM org.eclipse.lsp4j.jsonrpc.RemoteEndpoint handleCancellation
WARNING: Unmatched cancel notification for request id 1938
[0m2021.04.23 12:33:11 INFO  compiling revature_project_0 (3 scala sources)[0m
[0m2021.04.23 12:33:12 INFO  time: compiled revature_project_0 in 1.05s[0m
something's wrong: no file:///home/sadcat/myfolder/Revature_Project_0/src/main/scala/game/RandomEnemy.scala in List[<error>]RangePosition(file:///home/sadcat/myfolder/Revature_Project_0/src/main/scala/game/RandomEnemy.scala, 162, 162, 176)
something's wrong: no file:///home/sadcat/myfolder/Revature_Project_0/src/main/scala/game/RandomEnemy.scala in List[<error>]RangePosition(file:///home/sadcat/myfolder/Revature_Project_0/src/main/scala/game/RandomEnemy.scala, 162, 162, 169)
something's wrong: no file:///home/sadcat/myfolder/Revature_Project_0/src/main/scala/game/RandomEnemy.scala in List[<error>]RangePosition(file:///home/sadcat/myfolder/Revature_Project_0/src/main/scala/game/RandomEnemy.scala, 162, 162, 170)
something's wrong: no file:///home/sadcat/myfolder/Revature_Project_0/src/main/scala/game/RandomEnemy.scala in List[<error>]RangePosition(file:///home/sadcat/myfolder/Revature_Project_0/src/main/scala/game/RandomEnemy.scala, 162, 162, 172)
something's wrong: no file:///home/sadcat/myfolder/Revature_Project_0/src/main/scala/game/RandomEnemy.scala in List[String]RangePosition(file:///home/sadcat/myfolder/Revature_Project_0/src/main/scala/game/RandomEnemy.scala, 162, 162, 174)
Apr 23, 2021 12:35:48 PM org.eclipse.lsp4j.jsonrpc.RemoteEndpoint handleCancellation
WARNING: Unmatched cancel notification for request id 2285
Apr 23, 2021 12:35:49 PM org.eclipse.lsp4j.jsonrpc.RemoteEndpoint handleCancellation
WARNING: Unmatched cancel notification for request id 2291
Apr 23, 2021 12:36:00 PM org.eclipse.lsp4j.jsonrpc.RemoteEndpoint handleCancellation
WARNING: Unmatched cancel notification for request id 2300
Apr 23, 2021 12:38:27 PM org.eclipse.lsp4j.jsonrpc.RemoteEndpoint handleCancellation
WARNING: Unmatched cancel notification for request id 2306
Apr 23, 2021 12:38:28 PM org.eclipse.lsp4j.jsonrpc.RemoteEndpoint handleCancellation
WARNING: Unmatched cancel notification for request id 2312
Apr 23, 2021 12:38:33 PM org.eclipse.lsp4j.jsonrpc.RemoteEndpoint handleCancellation
WARNING: Unmatched cancel notification for request id 2318
Apr 23, 2021 12:38:45 PM org.eclipse.lsp4j.jsonrpc.RemoteEndpoint handleCancellation
WARNING: Unmatched cancel notification for request id 2324
Apr 23, 2021 12:38:48 PM org.eclipse.lsp4j.jsonrpc.RemoteEndpoint handleCancellation
WARNING: Unmatched cancel notification for request id 2330
Apr 23, 2021 12:39:13 PM org.eclipse.lsp4j.jsonrpc.RemoteEndpoint handleCancellation
WARNING: Unmatched cancel notification for request id 2352
Apr 23, 2021 12:39:28 PM org.eclipse.lsp4j.jsonrpc.RemoteEndpoint handleCancellation
WARNING: Unmatched cancel notification for request id 2368
Apr 23, 2021 12:40:22 PM org.eclipse.lsp4j.jsonrpc.RemoteEndpoint handleCancellation
WARNING: Unmatched cancel notification for request id 2374
Apr 23, 2021 12:50:47 PM org.eclipse.lsp4j.jsonrpc.RemoteEndpoint handleCancellation
WARNING: Unmatched cancel notification for request id 2381
[0m2021.04.23 14:39:14 INFO  shutting down Metals[0m
[0m2021.04.23 14:39:14 INFO  Shut down connection with build server.[0m
[0m2021.04.23 14:39:14 INFO  Shut down connection with build server.[0m
No more data in the server stdin, exiting...
No more data in the server stdin, exiting...
No more data in the client stdin, exiting...
No more data in the client stdin, exiting...
No more data in the server stdin, exiting...
No more data in the server stdin, exiting...
[0m2021.04.24 18:20:24 INFO  Started: Metals version 0.10.2 in workspace '/home/sadcat/myfolder/Revature_Project_0' for client vscode 1.55.2.[0m
[0m2021.04.24 18:20:24 INFO  time: initialize in 0.39s[0m
[0m2021.04.24 18:20:24 INFO  Attempting to connect to the build server...[0m
Starting the bsp launcher for bloop...
[0m2021.04.24 18:20:24 WARN  no build target for: /home/sadcat/myfolder/Revature_Project_0/src/main/scala/game/Main.scala[0m
Opening a bsp server connection with 'bsp --protocol local --socket /tmp/bsp-launcher6159371104830075464/bsp.socket'...
Waiting for the bsp connection to come up...
[0m2021.04.24 18:20:24 WARN  no build target for: /home/sadcat/myfolder/Revature_Project_0/src/main/scala/game/RandomEnemy.scala[0m
[0m2021.04.24 18:20:24 INFO  skipping build import with status 'Installed'[0m
Waiting for the bsp connection to come up...
[0m2021.04.24 18:20:26 INFO  no build target: using presentation compiler with only scala-library: 2.12.13[0m
Waiting for the bsp connection to come up...
Waiting for the bsp connection to come up...
[0m2021.04.24 18:20:28 INFO  time: code lens generation in 3.56s[0m
No server running at 127.0.0.1:8212, let's fire one...
Resolving ch.epfl.scala:bloop-frontend_2.12:1.4.8-19-4d9f966b...
Starting bloop server at 127.0.0.1:8212...
Attempting a connection to the server...
Attempting a connection to the server...
Attempting a connection to the server...
Attempting a connection to the server...
Attempting a connection to the server...
[0m[32m[D][0m Loading workspace settings from bloop.settings.json
[0m[32m[D][0m Loading 2 projects from '/home/sadcat/myfolder/Revature_Project_0/.bloop'...
[0m[32m[D][0m Loading project from '/home/sadcat/myfolder/Revature_Project_0/.bloop/revature_project_0-test.json'
[0m[32m[D][0m Loading project from '/home/sadcat/myfolder/Revature_Project_0/.bloop/revature_project_0.json'
[0m[32m[D][0m Cache miss for scala instance org.scala-lang:scala-compiler:2.12.12.
[0m[32m[D][0m   => /home/sadcat/.sbt/boot/scala-2.12.12/lib/jansi.jar
[0m[32m[D][0m   => /home/sadcat/.sbt/boot/scala-2.12.12/lib/jline.jar
[0m[32m[D][0m   => /home/sadcat/.sbt/boot/scala-2.12.12/lib/scala-compiler.jar
[0m[32m[D][0m   => /home/sadcat/.sbt/boot/scala-2.12.12/lib/scala-library.jar
[0m[32m[D][0m   => /home/sadcat/.sbt/boot/scala-2.12.12/lib/scala-reflect.jar
[0m[32m[D][0m   => /home/sadcat/.sbt/boot/scala-2.12.12/lib/scala-xml_2.12.jar
[0m[32m[D][0m Configured SemanticDB in projects 'revature_project_0-test', 'revature_project_0'
[0m[32m[D][0m Missing analysis file for project 'revature_project_0-test'
[0m[32m[D][0m Loading previous analysis for 'revature_project_0' from '/home/sadcat/myfolder/Revature_Project_0/target/streams/compile/bloopAnalysisOut/_global/streams/inc_compile_2.12.zip'.
[0m[32m[D][0m Waiting for a connection at local:///tmp/bsp-launcher6159371104830075464/bsp.socket...
The server is listening for incoming connections at local:///tmp/bsp-launcher6159371104830075464/bsp.socket...
Starting thread that pumps stdin and redirects it to the bsp server...
Starting thread that pumps server stdout and redirects it to the client stdout...
[0m2021.04.24 18:20:29 INFO  tracing is disabled for protocol BSP, to enable tracing of incoming and outgoing JSON messages create an empty file at /home/sadcat/.cache/metals/bsp.trace.json[0m
[0m2021.04.24 18:20:29 INFO  Attempting to connect to the build server...[0m
Starting the bsp launcher for bloop...
Opening a bsp server connection with 'bsp --protocol local --socket /tmp/bsp-launcher6716938974093657724/bsp.socket'...
Waiting for the bsp connection to come up...
[0m[32m[D][0m Loading workspace settings from bloop.settings.json
[0m[32m[D][0m Waiting for a connection at local:///tmp/bsp-launcher6716938974093657724/bsp.socket...
The server is listening for incoming connections at local:///tmp/bsp-launcher6716938974093657724/bsp.socket...
Starting thread that pumps stdin and redirects it to the bsp server...
Starting thread that pumps server stdout and redirects it to the client stdout...
[0m2021.04.24 18:20:29 INFO  tracing is disabled for protocol BSP, to enable tracing of incoming and outgoing JSON messages create an empty file at /home/sadcat/.cache/metals/bsp.trace.json[0m
[0m2021.04.24 18:20:29 INFO  time: Connected to build server in 4.74s[0m
[0m2021.04.24 18:20:29 INFO  Connected to Build server: Bloop v1.4.8-19-4d9f966b[0m
[0m2021.04.24 18:20:29 INFO  time: Imported build in 0.14s[0m
[0m2021.04.24 18:20:29 WARN  Could not find java sources in None. Java symbols will not be available.[0m
[0m2021.04.24 18:20:30 INFO  time: indexed workspace in 1.03s[0m
Apr 24, 2021 6:21:05 PM org.eclipse.lsp4j.jsonrpc.RemoteEndpoint handleCancellation
WARNING: Unmatched cancel notification for request id 6
Apr 24, 2021 6:23:39 PM org.eclipse.lsp4j.jsonrpc.services.GenericEndpoint notify
INFO: Unsupported notification method: $/setTraceNotification
Apr 24, 2021 6:26:21 PM org.eclipse.lsp4j.jsonrpc.RemoteEndpoint handleNotification
WARNING: Notification threw an exception: {
  "jsonrpc": "2.0",
  "method": "workspace/didChangeWatchedFiles",
  "params": {
    "changes": [
      {
        "uri": "file:///home/sadcat/myfolder/Revature_Project_0/build.sbt",
        "type": 1
      }
    ]
  }
}
java.lang.RuntimeException: java.lang.reflect.InvocationTargetException
	at org.eclipse.lsp4j.jsonrpc.services.GenericEndpoint.lambda$null$0(GenericEndpoint.java:67)
	at org.eclipse.lsp4j.jsonrpc.services.GenericEndpoint.notify(GenericEndpoint.java:152)
	at org.eclipse.lsp4j.jsonrpc.RemoteEndpoint.handleNotification(RemoteEndpoint.java:220)
	at org.eclipse.lsp4j.jsonrpc.RemoteEndpoint.consume(RemoteEndpoint.java:187)
	at org.eclipse.lsp4j.jsonrpc.json.StreamMessageProducer.handleMessage(StreamMessageProducer.java:194)
	at org.eclipse.lsp4j.jsonrpc.json.StreamMessageProducer.listen(StreamMessageProducer.java:94)
	at org.eclipse.lsp4j.jsonrpc.json.ConcurrentMessageProcessor.run(ConcurrentMessageProcessor.java:113)
	at java.util.concurrent.Executors$RunnableAdapter.call(Executors.java:511)
	at java.util.concurrent.FutureTask.run(FutureTask.java:266)
	at java.util.concurrent.ThreadPoolExecutor.runWorker(ThreadPoolExecutor.java:1149)
	at java.util.concurrent.ThreadPoolExecutor$Worker.run(ThreadPoolExecutor.java:624)
	at java.lang.Thread.run(Thread.java:748)
Caused by: java.lang.reflect.InvocationTargetException
	at sun.reflect.NativeMethodAccessorImpl.invoke0(Native Method)
	at sun.reflect.NativeMethodAccessorImpl.invoke(NativeMethodAccessorImpl.java:62)
	at sun.reflect.DelegatingMethodAccessorImpl.invoke(DelegatingMethodAccessorImpl.java:43)
	at java.lang.reflect.Method.invoke(Method.java:498)
	at org.eclipse.lsp4j.jsonrpc.services.GenericEndpoint.lambda$null$0(GenericEndpoint.java:65)
	... 11 more
Caused by: java.io.IOException: Is a directory
	at sun.nio.ch.FileDispatcherImpl.read0(Native Method)
	at sun.nio.ch.FileDispatcherImpl.read(FileDispatcherImpl.java:46)
	at sun.nio.ch.IOUtil.readIntoNativeBuffer(IOUtil.java:223)
	at sun.nio.ch.IOUtil.read(IOUtil.java:197)
	at sun.nio.ch.FileChannelImpl.read(FileChannelImpl.java:159)
	at sun.nio.ch.ChannelInputStream.read(ChannelInputStream.java:65)
	at sun.nio.ch.ChannelInputStream.read(ChannelInputStream.java:109)
	at sun.nio.ch.ChannelInputStream.read(ChannelInputStream.java:103)
	at java.nio.file.Files.read(Files.java:3105)
	at java.nio.file.Files.readAllBytes(Files.java:3158)
	at scala.meta.internal.io.PlatformFileIO$.slurp(PlatformFileIO.scala:45)
	at scala.meta.internal.io.FileIO$.slurp(FileIO.scala:24)
	at scala.meta.internal.metals.MetalsLanguageServer.$anonfun$onChange$1(MetalsLanguageServer.scala:1245)
	at scala.meta.internal.metals.MetalsLanguageServer.$anonfun$onChange$1$adapted(MetalsLanguageServer.scala:1244)
	at scala.collection.immutable.Stream.foreach(Stream.scala:533)
	at scala.meta.internal.metals.MetalsLanguageServer.onChange(MetalsLanguageServer.scala:1244)
	at scala.meta.internal.metals.MetalsLanguageServer.didChangeWatchedFiles(MetalsLanguageServer.scala:1196)
	... 16 more

Apr 24, 2021 6:26:41 PM org.eclipse.lsp4j.jsonrpc.RemoteEndpoint handleNotification
WARNING: Notification threw an exception: {
  "jsonrpc": "2.0",
  "method": "workspace/didChangeWatchedFiles",
  "params": {
    "changes": [
      {
        "uri": "file:///home/sadcat/myfolder/Revature_Project_0/build.sbt",
        "type": 3
      }
    ]
  }
}
java.lang.RuntimeException: java.lang.reflect.InvocationTargetException
	at org.eclipse.lsp4j.jsonrpc.services.GenericEndpoint.lambda$null$0(GenericEndpoint.java:67)
	at org.eclipse.lsp4j.jsonrpc.services.GenericEndpoint.notify(GenericEndpoint.java:152)
	at org.eclipse.lsp4j.jsonrpc.RemoteEndpoint.handleNotification(RemoteEndpoint.java:220)
	at org.eclipse.lsp4j.jsonrpc.RemoteEndpoint.consume(RemoteEndpoint.java:187)
	at org.eclipse.lsp4j.jsonrpc.json.StreamMessageProducer.handleMessage(StreamMessageProducer.java:194)
	at org.eclipse.lsp4j.jsonrpc.json.StreamMessageProducer.listen(StreamMessageProducer.java:94)
	at org.eclipse.lsp4j.jsonrpc.json.ConcurrentMessageProcessor.run(ConcurrentMessageProcessor.java:113)
	at java.util.concurrent.Executors$RunnableAdapter.call(Executors.java:511)
	at java.util.concurrent.FutureTask.run(FutureTask.java:266)
	at java.util.concurrent.ThreadPoolExecutor.runWorker(ThreadPoolExecutor.java:1149)
	at java.util.concurrent.ThreadPoolExecutor$Worker.run(ThreadPoolExecutor.java:624)
	at java.lang.Thread.run(Thread.java:748)
Caused by: java.lang.reflect.InvocationTargetException
	at sun.reflect.NativeMethodAccessorImpl.invoke0(Native Method)
	at sun.reflect.NativeMethodAccessorImpl.invoke(NativeMethodAccessorImpl.java:62)
	at sun.reflect.DelegatingMethodAccessorImpl.invoke(DelegatingMethodAccessorImpl.java:43)
	at java.lang.reflect.Method.invoke(Method.java:498)
	at org.eclipse.lsp4j.jsonrpc.services.GenericEndpoint.lambda$null$0(GenericEndpoint.java:65)
	... 11 more
Caused by: java.nio.file.NoSuchFileException: /home/sadcat/myfolder/Revature_Project_0/build.sbt
	at sun.nio.fs.UnixException.translateToIOException(UnixException.java:86)
	at sun.nio.fs.UnixException.rethrowAsIOException(UnixException.java:102)
	at sun.nio.fs.UnixException.rethrowAsIOException(UnixException.java:107)
	at sun.nio.fs.UnixFileSystemProvider.newByteChannel(UnixFileSystemProvider.java:214)
	at java.nio.file.Files.newByteChannel(Files.java:361)
	at java.nio.file.Files.newByteChannel(Files.java:407)
	at java.nio.file.Files.readAllBytes(Files.java:3152)
	at scala.meta.internal.io.PlatformFileIO$.slurp(PlatformFileIO.scala:45)
	at scala.meta.internal.io.FileIO$.slurp(FileIO.scala:24)
	at scala.meta.internal.metals.MetalsLanguageServer.$anonfun$onChange$1(MetalsLanguageServer.scala:1245)
	at scala.meta.internal.metals.MetalsLanguageServer.$anonfun$onChange$1$adapted(MetalsLanguageServer.scala:1244)
	at scala.collection.immutable.Stream.foreach(Stream.scala:533)
	at scala.meta.internal.metals.MetalsLanguageServer.onChange(MetalsLanguageServer.scala:1244)
	at scala.meta.internal.metals.MetalsLanguageServer.didChangeWatchedFiles(MetalsLanguageServer.scala:1196)
	... 16 more

[0m2021.04.24 18:27:05 INFO  skipping build import with status 'Installed'[0m
Apr 24, 2021 6:28:55 PM scala.meta.internal.pc.CompilerAccess handleError
SEVERE: file%3A%2F%2F%2Fhome%2Fsadcat%2Fmyfolder%2FRevature_Project_0%2F.metals%2Freadonly%2Fsbt%2FKeys.scala:15: error: { expected but \n\n found

^
file%3A%2F%2F%2Fhome%2Fsadcat%2Fmyfolder%2FRevature_Project_0%2F.metals%2Freadonly%2Fsbt%2FKeys.scala:15: error: { expected but \n\n found

^
	at scala.meta.internal.parsers.Reporter.syntaxError(Reporter.scala:16)
	at scala.meta.internal.parsers.Reporter.syntaxError$(Reporter.scala:16)
	at scala.meta.internal.parsers.Reporter$$anon$1.syntaxError(Reporter.scala:22)
	at scala.meta.internal.parsers.Reporter.syntaxError(Reporter.scala:17)
	at scala.meta.internal.parsers.Reporter.syntaxError$(Reporter.scala:17)
	at scala.meta.internal.parsers.Reporter$$anon$1.syntaxError(Reporter.scala:22)
	at scala.meta.internal.parsers.ScalametaParser.syntaxErrorExpected(ScalametaParser.scala:855)
	at scala.meta.internal.parsers.ScalametaParser.accept(ScalametaParser.scala:861)
	at scala.meta.internal.parsers.ScalametaParser.inBracesOrError(ScalametaParser.scala:741)
	at scala.meta.internal.parsers.ScalametaParser.inBracesOrNil(ScalametaParser.scala:759)
	at scala.meta.internal.parsers.ScalametaParser.$anonfun$packageDef$1(ScalametaParser.scala:4994)
	at scala.meta.internal.parsers.ScalametaParser.atPos(ScalametaParser.scala:820)
	at scala.meta.internal.parsers.ScalametaParser.autoPos(ScalametaParser.scala:836)
	at scala.meta.internal.parsers.ScalametaParser.packageDef(ScalametaParser.scala:4992)
	at scala.meta.internal.parsers.ScalametaParser.$anonfun$packageOrPackageObjectDef$1(ScalametaParser.scala:4989)
	at scala.meta.internal.parsers.ScalametaParser.atPos(ScalametaParser.scala:820)
	at scala.meta.internal.parsers.ScalametaParser.autoPos(ScalametaParser.scala:836)
	at scala.meta.internal.parsers.ScalametaParser.packageOrPackageObjectDef(ScalametaParser.scala:4986)
	at scala.meta.internal.parsers.ScalametaParser$$anonfun$topStat$1.applyOrElse(ScalametaParser.scala:4849)
	at scala.meta.internal.parsers.ScalametaParser$$anonfun$topStat$1.applyOrElse(ScalametaParser.scala:4843)
	at scala.runtime.AbstractPartialFunction.apply(AbstractPartialFunction.scala:38)
	at scala.meta.internal.parsers.ScalametaParser.statSeq(ScalametaParser.scala:4833)
	at scala.meta.internal.parsers.ScalametaParser.topStatSeq(ScalametaParser.scala:4842)
	at scala.meta.internal.parsers.ScalametaParser.$anonfun$batchSource$1(ScalametaParser.scala:5056)
	at scala.meta.internal.parsers.ScalametaParser.atPos(ScalametaParser.scala:820)
	at scala.meta.internal.parsers.ScalametaParser.autoPos(ScalametaParser.scala:836)
	at scala.meta.internal.parsers.ScalametaParser.batchSource(ScalametaParser.scala:5022)
	at scala.meta.internal.parsers.ScalametaParser.$anonfun$source$1(ScalametaParser.scala:5005)
	at scala.meta.internal.parsers.ScalametaParser.atPos(ScalametaParser.scala:820)
	at scala.meta.internal.parsers.ScalametaParser.autoPos(ScalametaParser.scala:836)
	at scala.meta.internal.parsers.ScalametaParser.source(ScalametaParser.scala:5004)
	at scala.meta.internal.parsers.ScalametaParser.entrypointSource(ScalametaParser.scala:5010)
	at scala.meta.internal.parsers.ScalametaParser.$anonfun$parseSource$2(ScalametaParser.scala:142)
	at scala.meta.internal.parsers.ScalametaParser.parseRule(ScalametaParser.scala:52)
	at scala.meta.internal.parsers.ScalametaParser.parseSource(ScalametaParser.scala:142)
	at scala.meta.parsers.Parse$.$anonfun$parseSource$1(Parse.scala:29)
	at scala.meta.internal.parsers.ScalametaParser$$anon$257.apply(ScalametaParser.scala:5067)
	at scala.meta.parsers.Api$XtensionParseDialectInput.parse(Api.scala:25)
	at scala.meta.internal.semanticdb.scalac.ParseOps$XtensionCompilationUnitSource.toSource(ParseOps.scala:17)
	at scala.meta.internal.semanticdb.scalac.TextDocumentOps$XtensionCompilationUnitDocument.toTextDocument(TextDocumentOps.scala:201)
	at scala.meta.internal.pc.SemanticdbTextDocumentProvider.textDocument(SemanticdbTextDocumentProvider.scala:51)

Apr 24, 2021 6:31:51 PM org.eclipse.lsp4j.jsonrpc.RemoteEndpoint handleCancellation
WARNING: Unmatched cancel notification for request id 33
Apr 24, 2021 6:31:58 PM org.eclipse.lsp4j.jsonrpc.RemoteEndpoint handleCancellation
WARNING: Unmatched cancel notification for request id 63
Apr 24, 2021 6:31:59 PM org.eclipse.lsp4j.jsonrpc.RemoteEndpoint handleCancellation
WARNING: Unmatched cancel notification for request id 69
